[INFO] Scanning for projects...
[INFO] ------------------------------------------------------------------------
[INFO] Reactor Build Order:
[INFO] 
[INFO] Aletheia                                                           [pom]
[INFO] aletheia-envelope                                                  [jar]
[INFO] Aletheia core                                                      [jar]
[INFO] Aletheia Kafka Common                                              [jar]
[INFO] Aletheia Kafka 0.9                                                 [jar]
[INFO] aletheia-kafka-serde                                               [jar]
[INFO] Aletheia Kafka 0.10                                                [jar]
[INFO] Aletheia Log4j                                                     [jar]
[INFO] Aletheia examples                                                  [jar]
[INFO] AletheiaStreams examples                                           [jar]
[INFO] 
[INFO] -------------------< com.outbrain.aletheia:aletheia >-------------------
[INFO] Building Aletheia 0.100-SNAPSHOT                                  [1/10]
[INFO] --------------------------------[ pom ]---------------------------------
[INFO] 
[INFO] --------------< com.outbrain.aletheia:aletheia-envelope >---------------
[INFO] Building aletheia-envelope 0.100-SNAPSHOT                         [2/10]
[INFO] --------------------------------[ jar ]---------------------------------
[INFO] 
[INFO] --- avro-maven-plugin:1.7.5:schema (default) @ aletheia-envelope ---
[INFO] 
[INFO] --- avro-maven-plugin:1.7.5:protocol (default) @ aletheia-envelope ---
[INFO] 
[INFO] --- avro-maven-plugin:1.7.5:idl-protocol (default) @ aletheia-envelope ---
[INFO] 
[INFO] --- maven-resources-plugin:2.6:resources (default-resources) @ aletheia-envelope ---
[INFO] Using 'UTF-8' encoding to copy filtered resources.
[INFO] skip non existing resourceDirectory /home/target/aletheia-envelope/src/main/resources
[INFO] 
[INFO] --- maven-compiler-plugin:3.1:compile (default-compile) @ aletheia-envelope ---
[INFO] Changes detected - recompiling the module!
[INFO] Compiling 3 source files to /home/target/aletheia-envelope/target/classes
[INFO] 
[INFO] --- maven-jar-plugin:2.4:jar (make-a-jar) @ aletheia-envelope ---
[INFO] Building jar: /home/target/aletheia-envelope/target/aletheia-envelope-0.100-SNAPSHOT.jar
[INFO] 
[INFO] --- maven-resources-plugin:2.6:testResources (default-testResources) @ aletheia-envelope ---
[INFO] Using 'UTF-8' encoding to copy filtered resources.
[INFO] skip non existing resourceDirectory /home/target/aletheia-envelope/src/test/resources
[INFO] 
[INFO] --- maven-compiler-plugin:3.1:testCompile (default-testCompile) @ aletheia-envelope ---
[INFO] No sources to compile
[INFO] 
[INFO] --- maven-surefire-plugin:2.17:test (default-test) @ aletheia-envelope ---
[INFO] No tests to run.
[INFO] 
[INFO] ----------------< com.outbrain.aletheia:aletheia-core >-----------------
[INFO] Building Aletheia core 0.100-SNAPSHOT                             [3/10]
[INFO] --------------------------------[ jar ]---------------------------------
[INFO] 
[INFO] --- avro-maven-plugin:1.7.5:schema (default) @ aletheia-core ---
[INFO] 
[INFO] --- avro-maven-plugin:1.7.5:protocol (default) @ aletheia-core ---
[INFO] 
[INFO] --- avro-maven-plugin:1.7.5:idl-protocol (default) @ aletheia-core ---
[INFO] 
[INFO] --- maven-resources-plugin:2.6:resources (default-resources) @ aletheia-core ---
[INFO] Using 'UTF-8' encoding to copy filtered resources.
[INFO] skip non existing resourceDirectory /home/target/aletheia-core/src/main/resources
[INFO] 
[INFO] --- maven-compiler-plugin:3.1:compile (default-compile) @ aletheia-core ---
[INFO] Changes detected - recompiling the module!
[INFO] Compiling 97 source files to /home/target/aletheia-core/target/classes
[WARNING] /home/target/aletheia-core/src/main/java/com/outbrain/aletheia/RoutingDatumConsumerStreamsBuilder.java: Some input files use or override a deprecated API.
[WARNING] /home/target/aletheia-core/src/main/java/com/outbrain/aletheia/RoutingDatumConsumerStreamsBuilder.java: Recompile with -Xlint:deprecation for details.
[WARNING] /home/target/aletheia-core/src/main/java/com/outbrain/aletheia/RoutingDatumConsumerStreamsBuilder.java: Some input files use unchecked or unsafe operations.
[WARNING] /home/target/aletheia-core/src/main/java/com/outbrain/aletheia/RoutingDatumConsumerStreamsBuilder.java: Recompile with -Xlint:unchecked for details.
[INFO] 
[INFO] --- maven-jar-plugin:2.4:jar (make-a-jar) @ aletheia-core ---
[INFO] Building jar: /home/target/aletheia-core/target/aletheia-core-0.100-SNAPSHOT.jar
[INFO] 
[INFO] --- maven-resources-plugin:2.6:testResources (default-testResources) @ aletheia-core ---
[INFO] Using 'UTF-8' encoding to copy filtered resources.
[INFO] Copying 6 resources
[INFO] 
[INFO] --- maven-compiler-plugin:3.1:testCompile (default-testCompile) @ aletheia-core ---
[INFO] Nothing to compile - all classes are up to date
[INFO] 
[INFO] --- maven-surefire-plugin:2.17:test (default-test) @ aletheia-core ---
[INFO] Surefire report directory: /home/target/aletheia-core/target/surefire-reports

-------------------------------------------------------
 T E S T S
-------------------------------------------------------
Running com.outbrain.aletheia.DatumAuditorStressTest
Tests run: 1, Failures: 0, Errors: 0, Skipped: 1, Time elapsed: 0.151 sec - in com.outbrain.aletheia.DatumAuditorStressTest
Running com.outbrain.aletheia.SampleDomainClassDatumTest
ERROR StatusLogger No log4j2 configuration file found. Using default configuration: logging only errors to the console.
Tests run: 4, Failures: 0, Errors: 0, Skipped: 0, Time elapsed: 22.575 sec - in com.outbrain.aletheia.SampleDomainClassDatumTest
Running com.outbrain.aletheia.breadcrumbs.BreadcrumbDispatcherTest
23:47:36.810 [main] ERROR com.outbrain.aletheia.breadcrumbs.AggregatingBreadcrumbDispatcher - Possible bucket collision between existing bucket start: 1532516400000 and incoming bucket start: 1532512800000, ignoring incoming item.
Tests run: 3, Failures: 0, Errors: 0, Skipped: 0, Time elapsed: 0.671 sec - in com.outbrain.aletheia.breadcrumbs.BreadcrumbDispatcherTest
Running com.outbrain.aletheia.configuration.RestConfigReaderTest
23:48:24.918 [main] ERROR com.outbrain.aletheia.configuration.RestConfigReader - Failed to load configurations from http://nonexistinghost/some/impossible/address/to/throw/exception, number of attempts exceeded the maximum (2).
java.net.UnknownHostException: nonexistinghost
	at java.net.InetAddress.getAllByName0(InetAddress.java:1281) ~[?:1.8.0_312]
	at java.net.InetAddress.getAllByName(InetAddress.java:1193) ~[?:1.8.0_312]
	at java.net.InetAddress.getAllByName(InetAddress.java:1127) ~[?:1.8.0_312]
	at org.apache.http.impl.conn.SystemDefaultDnsResolver.resolve(SystemDefaultDnsResolver.java:44) ~[httpclient-4.3.5.jar:4.3.5]
	at org.apache.http.impl.conn.HttpClientConnectionOperator.connect(HttpClientConnectionOperator.java:101) ~[httpclient-4.3.5.jar:4.3.5]
	at org.apache.http.impl.conn.PoolingHttpClientConnectionManager.connect(PoolingHttpClientConnectionManager.java:318) ~[httpclient-4.3.5.jar:4.3.5]
	at org.apache.http.impl.execchain.MainClientExec.establishRoute(MainClientExec.java:363) ~[httpclient-4.3.5.jar:4.3.5]
	at org.apache.http.impl.execchain.MainClientExec.execute(MainClientExec.java:219) ~[httpclient-4.3.5.jar:4.3.5]
	at org.apache.http.impl.execchain.ProtocolExec.execute(ProtocolExec.java:195) ~[httpclient-4.3.5.jar:4.3.5]
	at org.apache.http.impl.execchain.RetryExec.execute(RetryExec.java:86) ~[httpclient-4.3.5.jar:4.3.5]
	at org.apache.http.impl.execchain.RedirectExec.execute(RedirectExec.java:108) ~[httpclient-4.3.5.jar:4.3.5]
	at org.apache.http.impl.client.InternalHttpClient.doExecute(InternalHttpClient.java:184) ~[httpclient-4.3.5.jar:4.3.5]
	at org.apache.http.impl.client.CloseableHttpClient.execute(CloseableHttpClient.java:82) ~[httpclient-4.3.5.jar:4.3.5]
	at org.apache.http.impl.client.CloseableHttpClient.execute(CloseableHttpClient.java:106) ~[httpclient-4.3.5.jar:4.3.5]
	at org.apache.http.impl.client.CloseableHttpClient.execute(CloseableHttpClient.java:57) ~[httpclient-4.3.5.jar:4.3.5]
	at com.outbrain.aletheia.configuration.RestConfigReader.getConfigurationStream(RestConfigReader.java:80) ~[classes/:?]
	at com.outbrain.aletheia.configuration.RestConfigReaderTest.readFailAfterAllRetries(RestConfigReaderTest.java:101) [test-classes/:?]
	at sun.reflect.NativeMethodAccessorImpl.invoke0(Native Method) ~[?:1.8.0_312]
	at sun.reflect.NativeMethodAccessorImpl.invoke(NativeMethodAccessorImpl.java:62) ~[?:1.8.0_312]
	at sun.reflect.DelegatingMethodAccessorImpl.invoke(DelegatingMethodAccessorImpl.java:43) ~[?:1.8.0_312]
	at java.lang.reflect.Method.invoke(Method.java:498) ~[?:1.8.0_312]
	at org.junit.runners.model.FrameworkMethod$1.runReflectiveCall(FrameworkMethod.java:45) [junit-4.10.jar:?]
	at org.junit.internal.runners.model.ReflectiveCallable.run(ReflectiveCallable.java:15) [junit-4.10.jar:?]
	at org.junit.runners.model.FrameworkMethod.invokeExplosively(FrameworkMethod.java:42) [junit-4.10.jar:?]
	at org.junit.internal.runners.statements.InvokeMethod.evaluate(InvokeMethod.java:20) [junit-4.10.jar:?]
	at org.junit.internal.runners.statements.RunBefores.evaluate(RunBefores.java:28) [junit-4.10.jar:?]
	at org.junit.rules.ExpectedException$ExpectedExceptionStatement.evaluate(ExpectedException.java:110) [junit-4.10.jar:?]
	at org.junit.rules.RunRules.evaluate(RunRules.java:18) [junit-4.10.jar:?]
	at org.junit.runners.ParentRunner.runLeaf(ParentRunner.java:263) [junit-4.10.jar:?]
	at org.junit.runners.BlockJUnit4ClassRunner.runChild(BlockJUnit4ClassRunner.java:68) [junit-4.10.jar:?]
	at org.junit.runners.BlockJUnit4ClassRunner.runChild(BlockJUnit4ClassRunner.java:47) [junit-4.10.jar:?]
	at org.junit.runners.ParentRunner$3.run(ParentRunner.java:231) [junit-4.10.jar:?]
	at org.junit.runners.ParentRunner$1.schedule(ParentRunner.java:60) [junit-4.10.jar:?]
	at org.junit.runners.ParentRunner.runChildren(ParentRunner.java:229) [junit-4.10.jar:?]
	at org.junit.runners.ParentRunner.access$000(ParentRunner.java:50) [junit-4.10.jar:?]
	at org.junit.runners.ParentRunner$2.evaluate(ParentRunner.java:222) [junit-4.10.jar:?]
	at org.junit.runners.ParentRunner.run(ParentRunner.java:300) [junit-4.10.jar:?]
	at org.mockito.internal.runners.JUnit45AndHigherRunnerImpl.run(JUnit45AndHigherRunnerImpl.java:37) [mockito-all-1.9.5.jar:?]
	at org.mockito.runners.MockitoJUnitRunner.run(MockitoJUnitRunner.java:62) [mockito-all-1.9.5.jar:?]
	at org.apache.maven.surefire.junit4.JUnit4Provider.execute(JUnit4Provider.java:264) [surefire-junit4-2.17.jar:2.17]
	at org.apache.maven.surefire.junit4.JUnit4Provider.executeTestSet(JUnit4Provider.java:153) [surefire-junit4-2.17.jar:2.17]
	at org.apache.maven.surefire.junit4.JUnit4Provider.invoke(JUnit4Provider.java:124) [surefire-junit4-2.17.jar:2.17]
	at org.apache.maven.surefire.booter.ForkedBooter.invokeProviderInSameClassLoader(ForkedBooter.java:200) [surefire-booter-2.17.jar:2.17]
	at org.apache.maven.surefire.booter.ForkedBooter.runSuitesInProcess(ForkedBooter.java:153) [surefire-booter-2.17.jar:2.17]
	at org.apache.maven.surefire.booter.ForkedBooter.main(ForkedBooter.java:103) [surefire-booter-2.17.jar:2.17]
Tests run: 3, Failures: 0, Errors: 0, Skipped: 0, Time elapsed: 47.711 sec - in com.outbrain.aletheia.configuration.RestConfigReaderTest
Running com.outbrain.aletheia.configuration.InMemoryEndPointTemplateTest
Tests run: 2, Failures: 0, Errors: 0, Skipped: 0, Time elapsed: 0 sec - in com.outbrain.aletheia.configuration.InMemoryEndPointTemplateTest
Running com.outbrain.aletheia.configuration.AletheiaConfigTest
Tests run: 5, Failures: 0, Errors: 0, Skipped: 0, Time elapsed: 0.278 sec - in com.outbrain.aletheia.configuration.AletheiaConfigTest
Running com.outbrain.aletheia.configuration.PropertyUtilsTest
Tests run: 5, Failures: 0, Errors: 0, Skipped: 0, Time elapsed: 0 sec - in com.outbrain.aletheia.configuration.PropertyUtilsTest

Results :

Tests run: 23, Failures: 0, Errors: 0, Skipped: 1

[INFO] 
[INFO] ------------< com.outbrain.aletheia:aletheia-kafka-common >-------------
[INFO] Building Aletheia Kafka Common 0.100-SNAPSHOT                     [4/10]
[INFO] --------------------------------[ jar ]---------------------------------
[INFO] 
[INFO] --- maven-resources-plugin:2.6:resources (default-resources) @ aletheia-kafka-common ---
[INFO] Using 'UTF-8' encoding to copy filtered resources.
[INFO] skip non existing resourceDirectory /home/target/aletheia-kafka-common/src/main/resources
[INFO] 
[INFO] --- maven-compiler-plugin:3.1:compile (default-compile) @ aletheia-kafka-common ---
[INFO] Changes detected - recompiling the module!
[INFO] Compiling 10 source files to /home/target/aletheia-kafka-common/target/classes
[INFO] 
[INFO] --- maven-jar-plugin:2.4:jar (make-a-jar) @ aletheia-kafka-common ---
[INFO] Building jar: /home/target/aletheia-kafka-common/target/aletheia-kafka-common-0.100-SNAPSHOT.jar
[INFO] 
[INFO] --- maven-resources-plugin:2.6:testResources (default-testResources) @ aletheia-kafka-common ---
[INFO] Using 'UTF-8' encoding to copy filtered resources.
[INFO] skip non existing resourceDirectory /home/target/aletheia-kafka-common/src/test/resources
[INFO] 
[INFO] --- maven-compiler-plugin:3.1:testCompile (default-testCompile) @ aletheia-kafka-common ---
[INFO] No sources to compile
[INFO] 
[INFO] --- maven-surefire-plugin:2.17:test (default-test) @ aletheia-kafka-common ---
[INFO] No tests to run.
[INFO] 
[INFO] --------------< com.outbrain.aletheia:aletheia-kafka0.9 >---------------
[INFO] Building Aletheia Kafka 0.9 0.100-SNAPSHOT                        [5/10]
[INFO] --------------------------------[ jar ]---------------------------------
[INFO] 
[INFO] --- maven-resources-plugin:2.6:resources (default-resources) @ aletheia-kafka0.9 ---
[INFO] Using 'UTF-8' encoding to copy filtered resources.
[INFO] skip non existing resourceDirectory /home/target/aletheia-kafka0.9/src/main/resources
[INFO] 
[INFO] --- maven-compiler-plugin:3.1:compile (default-compile) @ aletheia-kafka0.9 ---
[INFO] Changes detected - recompiling the module!
[INFO] Compiling 2 source files to /home/target/aletheia-kafka0.9/target/classes
[INFO] 
[INFO] --- maven-jar-plugin:2.4:jar (make-a-jar) @ aletheia-kafka0.9 ---
[INFO] Building jar: /home/target/aletheia-kafka0.9/target/aletheia-kafka0.9-0.100-SNAPSHOT.jar
[INFO] 
[INFO] --- maven-resources-plugin:2.6:testResources (default-testResources) @ aletheia-kafka0.9 ---
[INFO] Using 'UTF-8' encoding to copy filtered resources.
[INFO] skip non existing resourceDirectory /home/target/aletheia-kafka0.9/src/test/resources
[INFO] 
[INFO] --- maven-compiler-plugin:3.1:testCompile (default-testCompile) @ aletheia-kafka0.9 ---
[INFO] Nothing to compile - all classes are up to date
[INFO] 
[INFO] --- maven-surefire-plugin:2.17:test (default-test) @ aletheia-kafka0.9 ---
[INFO] Surefire report directory: /home/target/aletheia-kafka0.9/target/surefire-reports

-------------------------------------------------------
 T E S T S
-------------------------------------------------------
Running com.outbrain.aletheia.configuration.kafka.KafkaTopicEndPointTemplateTest
ERROR StatusLogger No log4j2 configuration file found. Using default configuration: logging only errors to the console.
Tests run: 2, Failures: 0, Errors: 0, Skipped: 0, Time elapsed: 7.951 sec - in com.outbrain.aletheia.configuration.kafka.KafkaTopicEndPointTemplateTest

Results :

Tests run: 2, Failures: 0, Errors: 0, Skipped: 0

[INFO] 
[INFO] -------------< com.outbrain.aletheia:aletheia-kafka-serde >-------------
[INFO] Building aletheia-kafka-serde 0.100-SNAPSHOT                      [6/10]
[INFO] --------------------------------[ jar ]---------------------------------
[INFO] 
[INFO] --- maven-resources-plugin:2.6:resources (default-resources) @ aletheia-kafka-serde ---
[INFO] Using 'UTF-8' encoding to copy filtered resources.
[INFO] skip non existing resourceDirectory /home/target/aletheia-kafka-serde/src/main/resources
[INFO] 
[INFO] --- maven-compiler-plugin:3.1:compile (default-compile) @ aletheia-kafka-serde ---
[INFO] Changes detected - recompiling the module!
[INFO] Compiling 2 source files to /home/target/aletheia-kafka-serde/target/classes
[INFO] 
[INFO] --- maven-jar-plugin:2.4:jar (make-a-jar) @ aletheia-kafka-serde ---
[INFO] Building jar: /home/target/aletheia-kafka-serde/target/aletheia-kafka-serde-0.100-SNAPSHOT.jar
[INFO] 
[INFO] --- maven-resources-plugin:2.6:testResources (default-testResources) @ aletheia-kafka-serde ---
[INFO] Using 'UTF-8' encoding to copy filtered resources.
[INFO] skip non existing resourceDirectory /home/target/aletheia-kafka-serde/src/test/resources
[INFO] 
[INFO] --- maven-compiler-plugin:3.1:testCompile (default-testCompile) @ aletheia-kafka-serde ---
[INFO] No sources to compile
[INFO] 
[INFO] --- maven-surefire-plugin:2.17:test (default-test) @ aletheia-kafka-serde ---
[INFO] No tests to run.
[INFO] 
[INFO] --------------< com.outbrain.aletheia:aletheia-kafka0.10 >--------------
[INFO] Building Aletheia Kafka 0.10 0.100-SNAPSHOT                       [7/10]
[INFO] --------------------------------[ jar ]---------------------------------
[INFO] 
[INFO] --- maven-resources-plugin:2.6:resources (default-resources) @ aletheia-kafka0.10 ---
[INFO] Using 'UTF-8' encoding to copy filtered resources.
[INFO] skip non existing resourceDirectory /home/target/aletheia-kafka0.10/src/main/resources
[INFO] 
[INFO] --- maven-compiler-plugin:3.1:compile (default-compile) @ aletheia-kafka0.10 ---
[INFO] Changes detected - recompiling the module!
[INFO] Compiling 7 source files to /home/target/aletheia-kafka0.10/target/classes
[WARNING] /home/target/aletheia-kafka0.10/src/main/java/com/outbrain/aletheia/kafka/streams/AletheiaStreams.java: Some input files use unchecked or unsafe operations.
[WARNING] /home/target/aletheia-kafka0.10/src/main/java/com/outbrain/aletheia/kafka/streams/AletheiaStreams.java: Recompile with -Xlint:unchecked for details.
[INFO] 
[INFO] --- maven-jar-plugin:2.4:jar (make-a-jar) @ aletheia-kafka0.10 ---
[INFO] Building jar: /home/target/aletheia-kafka0.10/target/aletheia-kafka0.10-0.100-SNAPSHOT.jar
[INFO] 
[INFO] --- maven-resources-plugin:2.6:testResources (default-testResources) @ aletheia-kafka0.10 ---
[INFO] Using 'UTF-8' encoding to copy filtered resources.
[INFO] skip non existing resourceDirectory /home/target/aletheia-kafka0.10/src/test/resources
[INFO] 
[INFO] --- maven-compiler-plugin:3.1:testCompile (default-testCompile) @ aletheia-kafka0.10 ---
[INFO] Nothing to compile - all classes are up to date
[INFO] 
[INFO] --- maven-surefire-plugin:2.17:test (default-test) @ aletheia-kafka0.10 ---
[INFO] Surefire report directory: /home/target/aletheia-kafka0.10/target/surefire-reports

-------------------------------------------------------
 T E S T S
-------------------------------------------------------
Running com.outbrain.aletheia.kafka.streams.AletheiaStreamsTest
ERROR StatusLogger No log4j2 configuration file found. Using default configuration: logging only errors to the console.
Tests run: 4, Failures: 0, Errors: 0, Skipped: 0, Time elapsed: 11.264 sec - in com.outbrain.aletheia.kafka.streams.AletheiaStreamsTest

Results :

Tests run: 4, Failures: 0, Errors: 0, Skipped: 0

[INFO] 
[INFO] ----------------< com.outbrain.aletheia:aletheia-log4j >----------------
[INFO] Building Aletheia Log4j 0.100-SNAPSHOT                            [8/10]
[INFO] --------------------------------[ jar ]---------------------------------
[INFO] 
[INFO] --- maven-resources-plugin:2.6:resources (default-resources) @ aletheia-log4j ---
[INFO] Using 'UTF-8' encoding to copy filtered resources.
[INFO] skip non existing resourceDirectory /home/target/aletheia-log4j/src/main/resources
[INFO] 
[INFO] --- maven-compiler-plugin:3.1:compile (default-compile) @ aletheia-log4j ---
[INFO] Changes detected - recompiling the module!
[INFO] Compiling 7 source files to /home/target/aletheia-log4j/target/classes
[INFO] 
[INFO] --- maven-jar-plugin:2.4:jar (make-a-jar) @ aletheia-log4j ---
[INFO] Building jar: /home/target/aletheia-log4j/target/aletheia-log4j-0.100-SNAPSHOT.jar
[INFO] 
[INFO] --- maven-resources-plugin:2.6:testResources (default-testResources) @ aletheia-log4j ---
[INFO] Using 'UTF-8' encoding to copy filtered resources.
[INFO] skip non existing resourceDirectory /home/target/aletheia-log4j/src/test/resources
[INFO] 
[INFO] --- maven-compiler-plugin:3.1:testCompile (default-testCompile) @ aletheia-log4j ---
[INFO] Nothing to compile - all classes are up to date
[INFO] 
[INFO] --- maven-surefire-plugin:2.17:test (default-test) @ aletheia-log4j ---
[INFO] Surefire report directory: /home/target/aletheia-log4j/target/surefire-reports

-------------------------------------------------------
 T E S T S
-------------------------------------------------------
Running com.outbrain.aletheia.configuration.hive.HiveTableEndPointTemplateTest
ERROR StatusLogger No log4j2 configuration file found. Using default configuration: logging only errors to the console.
Tests run: 2, Failures: 0, Errors: 0, Skipped: 0, Time elapsed: 7.058 sec - in com.outbrain.aletheia.configuration.hive.HiveTableEndPointTemplateTest
Running com.outbrain.aletheia.configuration.logFile.LogFileEndPointTemplateTest
Tests run: 2, Failures: 0, Errors: 0, Skipped: 0, Time elapsed: 0.011 sec - in com.outbrain.aletheia.configuration.logFile.LogFileEndPointTemplateTest

Results :

Tests run: 4, Failures: 0, Errors: 0, Skipped: 0

[INFO] 
[INFO] ------------------< com.outbrain.aletheia:HelloDatum >------------------
[INFO] Building Aletheia examples 0.100-SNAPSHOT                         [9/10]
[INFO] --------------------------------[ jar ]---------------------------------
[INFO] 
[INFO] --- maven-resources-plugin:2.6:resources (default-resources) @ HelloDatum ---
[INFO] Using 'UTF-8' encoding to copy filtered resources.
[INFO] Copying 6 resources
[INFO] 
[INFO] --- maven-compiler-plugin:3.1:compile (default-compile) @ HelloDatum ---
[INFO] Changes detected - recompiling the module!
[INFO] Compiling 4 source files to /home/target/HelloDatum/target/classes
[INFO] 
[INFO] --- maven-jar-plugin:2.4:jar (make-a-jar) @ HelloDatum ---
[INFO] Building jar: /home/target/HelloDatum/target/HelloDatum-0.100-SNAPSHOT.jar
[INFO] 
[INFO] --- maven-resources-plugin:2.6:testResources (default-testResources) @ HelloDatum ---
[INFO] Using 'UTF-8' encoding to copy filtered resources.
[INFO] skip non existing resourceDirectory /home/target/HelloDatum/src/test/resources
[INFO] 
[INFO] --- maven-compiler-plugin:3.1:testCompile (default-testCompile) @ HelloDatum ---
[INFO] No sources to compile
[INFO] 
[INFO] --- maven-surefire-plugin:2.17:test (default-test) @ HelloDatum ---
[INFO] No tests to run.
[INFO] 
[INFO] -----------------< com.outbrain.aletheia:HelloStreams >-----------------
[INFO] Building AletheiaStreams examples 0.100-SNAPSHOT                 [10/10]
[INFO] --------------------------------[ jar ]---------------------------------
[INFO] 
[INFO] --- maven-resources-plugin:2.6:resources (default-resources) @ HelloStreams ---
[INFO] Using 'UTF-8' encoding to copy filtered resources.
[INFO] Copying 4 resources
[INFO] 
[INFO] --- maven-compiler-plugin:3.1:compile (default-compile) @ HelloStreams ---
[INFO] Changes detected - recompiling the module!
[INFO] Compiling 2 source files to /home/target/HelloStreams/target/classes
[INFO] 
[INFO] --- maven-jar-plugin:2.4:jar (make-a-jar) @ HelloStreams ---
[INFO] Building jar: /home/target/HelloStreams/target/HelloStreams-0.100-SNAPSHOT.jar
[INFO] 
[INFO] --- maven-resources-plugin:2.6:testResources (default-testResources) @ HelloStreams ---
[INFO] Using 'UTF-8' encoding to copy filtered resources.
[INFO] skip non existing resourceDirectory /home/target/HelloStreams/src/test/resources
[INFO] 
[INFO] --- maven-compiler-plugin:3.1:testCompile (default-testCompile) @ HelloStreams ---
[INFO] No sources to compile
[INFO] 
[INFO] --- maven-surefire-plugin:2.17:test (default-test) @ HelloStreams ---
[INFO] No tests to run.
[INFO] ------------------------------------------------------------------------
[INFO] Reactor Summary for Aletheia 0.100-SNAPSHOT:
[INFO] 
[INFO] Aletheia ........................................... SUCCESS [  0.274 s]
[INFO] aletheia-envelope .................................. SUCCESS [ 12.039 s]
[INFO] Aletheia core ...................................... SUCCESS [01:21 min]
[INFO] Aletheia Kafka Common .............................. SUCCESS [  1.751 s]
[INFO] Aletheia Kafka 0.9 ................................. SUCCESS [ 11.315 s]
[INFO] aletheia-kafka-serde ............................... SUCCESS [  0.354 s]
[INFO] Aletheia Kafka 0.10 ................................ SUCCESS [ 14.941 s]
[INFO] Aletheia Log4j ..................................... SUCCESS [  9.729 s]
[INFO] Aletheia examples .................................. SUCCESS [  1.205 s]
[INFO] AletheiaStreams examples ........................... SUCCESS [  0.534 s]
[INFO] ------------------------------------------------------------------------
[INFO] BUILD SUCCESS
[INFO] ------------------------------------------------------------------------
[INFO] Total time:  02:14 min
[INFO] Finished at: 2021-11-07T23:49:06Z
[INFO] ------------------------------------------------------------------------
{'error': False, 'log_file': 'output-2021-11-07T23:46:44-7471.log', 'message': '', 'start_time': '2021-11-07T23:46:44', 'end_time': '2021-11-07T23:47:20', 'command': ['mvn', '-fae', 'test'], 'faketime_str': '+0 x4.0', 'timezone': datetime.timezone(datetime.timedelta(0), 'UTC')}
