[INFO] Scanning for projects...
[INFO] 
[INFO] --------------< org.codehaus.mojo:versions-maven-plugin >---------------
[INFO] Building Versions Maven Plugin 2.9-SNAPSHOT
[INFO] ----------------------------[ maven-plugin ]----------------------------
[INFO] 
[INFO] --- maven-enforcer-plugin:1.4.1:enforce (mojo-enforcer-rules) @ versions-maven-plugin ---
[INFO] 
[INFO] --- maven-plugin-plugin:3.6.0:helpmojo (help-mojo) @ versions-maven-plugin ---
[INFO] Using 'UTF-8' encoding to read mojo source files.
[INFO] java-javadoc mojo extractor found 0 mojo descriptor.
[INFO] java-annotations mojo extractor found 31 mojo descriptors.
[INFO] 
[INFO] --- maven-plugin-plugin:3.6.0:helpmojo (default) @ versions-maven-plugin ---
[INFO] Using 'UTF-8' encoding to read mojo source files.
[INFO] java-javadoc mojo extractor found 0 mojo descriptor.
[INFO] java-annotations mojo extractor found 31 mojo descriptors.
[INFO] 
[INFO] --- modello-maven-plugin:1.11:xpp3-reader (generate-sources) @ versions-maven-plugin ---
[INFO] outputDirectory: /home/target/target/generated-sources/modello
[INFO] Working on model: src/main/mdo/rule.mdo
[INFO] Generating current version: 2.0.0
[INFO] 
[INFO] --- modello-maven-plugin:1.11:xpp3-writer (generate-sources) @ versions-maven-plugin ---
[INFO] outputDirectory: /home/target/target/generated-sources/modello
[INFO] Working on model: src/main/mdo/rule.mdo
[INFO] Generating current version: 2.0.0
[INFO] 
[INFO] --- modello-maven-plugin:1.11:java (generate-sources) @ versions-maven-plugin ---
[INFO] outputDirectory: /home/target/target/generated-sources/modello
[INFO] Working on model: src/main/mdo/rule.mdo
[INFO] Generating current version: 2.0.0
[INFO] 
[INFO] --- maven-resources-plugin:3.2.0:resources (default-resources) @ versions-maven-plugin ---
[INFO] Using 'UTF-8' encoding to copy filtered resources.
[INFO] Using 'UTF-8' encoding to copy filtered properties files.
[INFO] Copying 4 resources
[INFO] 
[INFO] --- maven-compiler-plugin:3.8.1:compile (default-compile) @ versions-maven-plugin ---
[INFO] Changes detected - recompiling the module!
[INFO] Compiling 90 source files to /home/target/target/classes
[INFO] /home/target/src/main/java/org/codehaus/mojo/versions/CompareDependenciesMojo.java: Some input files use or override a deprecated API.
[INFO] /home/target/src/main/java/org/codehaus/mojo/versions/CompareDependenciesMojo.java: Recompile with -Xlint:deprecation for details.
[INFO] /home/target/src/main/java/org/codehaus/mojo/versions/api/PropertyVersions.java: Some input files use unchecked or unsafe operations.
[INFO] /home/target/src/main/java/org/codehaus/mojo/versions/api/PropertyVersions.java: Recompile with -Xlint:unchecked for details.
[INFO] 
[INFO] --- maven-plugin-plugin:3.6.0:descriptor (default-descriptor) @ versions-maven-plugin ---
[INFO] Using 'UTF-8' encoding to read mojo source files.
[INFO] java-javadoc mojo extractor found 0 mojo descriptor.
[INFO] java-annotations mojo extractor found 31 mojo descriptors.
[INFO] 
[INFO] --- maven-plugin-plugin:3.6.0:descriptor (default) @ versions-maven-plugin ---
[INFO] Using 'UTF-8' encoding to read mojo source files.
[INFO] java-javadoc mojo extractor found 0 mojo descriptor.
[INFO] java-annotations mojo extractor found 31 mojo descriptors.
[INFO] 
[INFO] --- maven-resources-plugin:3.2.0:testResources (default-testResources) @ versions-maven-plugin ---
[INFO] Using 'UTF-8' encoding to copy filtered resources.
[INFO] Using 'UTF-8' encoding to copy filtered properties files.
[INFO] Copying 5 resources
[INFO] 
[INFO] --- maven-compiler-plugin:3.8.1:testCompile (default-testCompile) @ versions-maven-plugin ---
[INFO] Changes detected - recompiling the module!
[INFO] Compiling 13 source files to /home/target/target/test-classes
[INFO] /home/target/src/test/java/org/codehaus/mojo/versions/RequiredMavenVersionFinderTest.java: Some input files use or override a deprecated API.
[INFO] /home/target/src/test/java/org/codehaus/mojo/versions/RequiredMavenVersionFinderTest.java: Recompile with -Xlint:deprecation for details.
[INFO] /home/target/src/test/java/org/codehaus/mojo/versions/api/DefaultVersionsHelperTest.java: /home/target/src/test/java/org/codehaus/mojo/versions/api/DefaultVersionsHelperTest.java uses unchecked or unsafe operations.
[INFO] /home/target/src/test/java/org/codehaus/mojo/versions/api/DefaultVersionsHelperTest.java: Recompile with -Xlint:unchecked for details.
[INFO] 
[INFO] --- maven-surefire-plugin:2.22.2:test (default-test) @ versions-maven-plugin ---
[INFO] 
[INFO] -------------------------------------------------------
[INFO]  T E S T S
[INFO] -------------------------------------------------------
[INFO] Running org.codehaus.mojo.versions.AbstractVersionsUpdaterMojoTest
[INFO] Tests run: 1, Failures: 0, Errors: 0, Skipped: 0, Time elapsed: 0.289 s - in org.codehaus.mojo.versions.AbstractVersionsUpdaterMojoTest
[INFO] Running org.codehaus.mojo.versions.RequiredMavenVersionFinderTest
[INFO] Tests run: 41, Failures: 0, Errors: 0, Skipped: 0, Time elapsed: 28.917 s - in org.codehaus.mojo.versions.RequiredMavenVersionFinderTest
[INFO] Running org.codehaus.mojo.versions.SeparatePatternsForIncludesAnExcludesTest
[INFO] Tests run: 6, Failures: 0, Errors: 0, Skipped: 0, Time elapsed: 0.049 s - in org.codehaus.mojo.versions.SeparatePatternsForIncludesAnExcludesTest
[INFO] Running org.codehaus.mojo.versions.ordering.MercuryVersionComparatorTest
[INFO] Tests run: 2, Failures: 0, Errors: 0, Skipped: 0, Time elapsed: 0.012 s - in org.codehaus.mojo.versions.ordering.MercuryVersionComparatorTest
[INFO] Running org.codehaus.mojo.versions.ordering.VersionComparatorsTest
[INFO] Tests run: 3, Failures: 0, Errors: 0, Skipped: 0, Time elapsed: 0.014 s - in org.codehaus.mojo.versions.ordering.VersionComparatorsTest
[INFO] Running org.codehaus.mojo.versions.ordering.MajorMinorIncrementalFilterTest
[INFO] Tests run: 6, Failures: 0, Errors: 0, Skipped: 0, Time elapsed: 0.019 s - in org.codehaus.mojo.versions.ordering.MajorMinorIncrementalFilterTest
[INFO] Running org.codehaus.mojo.versions.ordering.NumericVersionComparatorTest
[INFO] Tests run: 6, Failures: 0, Errors: 0, Skipped: 0, Time elapsed: 0.029 s - in org.codehaus.mojo.versions.ordering.NumericVersionComparatorTest
[INFO] Running org.codehaus.mojo.versions.ordering.MavenVersionComparatorTest
[INFO] Tests run: 2, Failures: 0, Errors: 0, Skipped: 0, Time elapsed: 0.012 s - in org.codehaus.mojo.versions.ordering.MavenVersionComparatorTest
[INFO] Running org.codehaus.mojo.versions.RewriteWithStAXTest
[INFO] Tests run: 3, Failures: 0, Errors: 0, Skipped: 0, Time elapsed: 0.647 s - in org.codehaus.mojo.versions.RewriteWithStAXTest
[INFO] Running org.codehaus.mojo.versions.api.ArtifactVersionsTest
[INFO] Tests run: 2, Failures: 0, Errors: 0, Skipped: 0, Time elapsed: 0.047 s - in org.codehaus.mojo.versions.api.ArtifactVersionsTest
[INFO] Running org.codehaus.mojo.versions.api.PomHelperTest
[INFO] Tests run: 15, Failures: 0, Errors: 0, Skipped: 0, Time elapsed: 0.431 s - in org.codehaus.mojo.versions.api.PomHelperTest
[INFO] Running org.codehaus.mojo.versions.api.DefaultVersionsHelperTest
[INFO] Tests run: 7, Failures: 0, Errors: 0, Skipped: 0, Time elapsed: 62.559 s - in org.codehaus.mojo.versions.api.DefaultVersionsHelperTest
[INFO] Running org.codehaus.mojo.versions.utils.PropertiesVersionsFileReaderTest
[INFO] Tests run: 1, Failures: 0, Errors: 0, Skipped: 0, Time elapsed: 0.2 s - in org.codehaus.mojo.versions.utils.PropertiesVersionsFileReaderTest
[INFO] 
[INFO] Results:
[INFO] 
[INFO] Tests run: 95, Failures: 0, Errors: 0, Skipped: 0
[INFO] 
[INFO] 
[INFO] --- animal-sniffer-maven-plugin:1.20:check (check-java18) @ versions-maven-plugin ---
[INFO] Checking unresolved references to org.codehaus.mojo.signature:java18:1.0
[INFO] ------------------------------------------------------------------------
[INFO] BUILD SUCCESS
[INFO] ------------------------------------------------------------------------
[INFO] Total time:  05:34 min
[INFO] Finished at: 2021-11-01T02:56:26Z
[INFO] ------------------------------------------------------------------------
{'error': False, 'log_file': 'output-2021-11-01T02:50:37-4066.log', 'message': '', 'start_time': '2021-11-01T02:50:37', 'end_time': '2021-11-01T02:51:21', 'command': ['mvn', '-fae', 'test'], 'faketime_str': '+0 x8.0', 'timezone': datetime.timezone(datetime.timedelta(0), 'UTC')}
