[INFO] Scanning for projects...
[INFO] 
[INFO] --------------< org.codehaus.mojo:versions-maven-plugin >---------------
[INFO] Building Versions Maven Plugin 2.9-SNAPSHOT
[INFO] ----------------------------[ maven-plugin ]----------------------------
[INFO] 
[INFO] --- maven-enforcer-plugin:1.4.1:enforce (mojo-enforcer-rules) @ versions-maven-plugin ---
[INFO] 
[INFO] --- maven-plugin-plugin:3.6.0:helpmojo (help-mojo) @ versions-maven-plugin ---
[INFO] Using 'UTF-8' encoding to read mojo source files.
[INFO] java-javadoc mojo extractor found 0 mojo descriptor.
[INFO] java-annotations mojo extractor found 31 mojo descriptors.
[INFO] 
[INFO] --- maven-plugin-plugin:3.6.0:helpmojo (default) @ versions-maven-plugin ---
[INFO] Using 'UTF-8' encoding to read mojo source files.
[INFO] java-javadoc mojo extractor found 0 mojo descriptor.
[INFO] java-annotations mojo extractor found 31 mojo descriptors.
[INFO] 
[INFO] --- modello-maven-plugin:1.11:xpp3-reader (generate-sources) @ versions-maven-plugin ---
[INFO] outputDirectory: /home/target/target/generated-sources/modello
[INFO] Working on model: src/main/mdo/rule.mdo
[INFO] Generating current version: 2.0.0
[INFO] 
[INFO] --- modello-maven-plugin:1.11:xpp3-writer (generate-sources) @ versions-maven-plugin ---
[INFO] outputDirectory: /home/target/target/generated-sources/modello
[INFO] Working on model: src/main/mdo/rule.mdo
[INFO] Generating current version: 2.0.0
[INFO] 
[INFO] --- modello-maven-plugin:1.11:java (generate-sources) @ versions-maven-plugin ---
[INFO] outputDirectory: /home/target/target/generated-sources/modello
[INFO] Working on model: src/main/mdo/rule.mdo
[INFO] Generating current version: 2.0.0
[INFO] 
[INFO] --- maven-resources-plugin:3.2.0:resources (default-resources) @ versions-maven-plugin ---
[INFO] Using 'UTF-8' encoding to copy filtered resources.
[INFO] Using 'UTF-8' encoding to copy filtered properties files.
[INFO] Copying 4 resources
[INFO] 
[INFO] --- maven-compiler-plugin:3.8.1:compile (default-compile) @ versions-maven-plugin ---
[INFO] Changes detected - recompiling the module!
[INFO] Compiling 90 source files to /home/target/target/classes
[INFO] /home/target/src/main/java/org/codehaus/mojo/versions/CompareDependenciesMojo.java: Some input files use or override a deprecated API.
[INFO] /home/target/src/main/java/org/codehaus/mojo/versions/CompareDependenciesMojo.java: Recompile with -Xlint:deprecation for details.
[INFO] /home/target/src/main/java/org/codehaus/mojo/versions/api/PropertyVersions.java: Some input files use unchecked or unsafe operations.
[INFO] /home/target/src/main/java/org/codehaus/mojo/versions/api/PropertyVersions.java: Recompile with -Xlint:unchecked for details.
[INFO] 
[INFO] --- maven-plugin-plugin:3.6.0:descriptor (default-descriptor) @ versions-maven-plugin ---
[INFO] Using 'UTF-8' encoding to read mojo source files.
[INFO] java-javadoc mojo extractor found 0 mojo descriptor.
[INFO] java-annotations mojo extractor found 31 mojo descriptors.
[INFO] 
[INFO] --- maven-plugin-plugin:3.6.0:descriptor (default) @ versions-maven-plugin ---
[INFO] Using 'UTF-8' encoding to read mojo source files.
[INFO] java-javadoc mojo extractor found 0 mojo descriptor.
[INFO] java-annotations mojo extractor found 31 mojo descriptors.
[INFO] 
[INFO] --- maven-resources-plugin:3.2.0:testResources (default-testResources) @ versions-maven-plugin ---
[INFO] Using 'UTF-8' encoding to copy filtered resources.
[INFO] Using 'UTF-8' encoding to copy filtered properties files.
[INFO] Copying 5 resources
[INFO] 
[INFO] --- maven-compiler-plugin:3.8.1:testCompile (default-testCompile) @ versions-maven-plugin ---
[INFO] Changes detected - recompiling the module!
[INFO] Compiling 13 source files to /home/target/target/test-classes
[INFO] /home/target/src/test/java/org/codehaus/mojo/versions/RequiredMavenVersionFinderTest.java: Some input files use or override a deprecated API.
[INFO] /home/target/src/test/java/org/codehaus/mojo/versions/RequiredMavenVersionFinderTest.java: Recompile with -Xlint:deprecation for details.
[INFO] /home/target/src/test/java/org/codehaus/mojo/versions/api/DefaultVersionsHelperTest.java: /home/target/src/test/java/org/codehaus/mojo/versions/api/DefaultVersionsHelperTest.java uses unchecked or unsafe operations.
[INFO] /home/target/src/test/java/org/codehaus/mojo/versions/api/DefaultVersionsHelperTest.java: Recompile with -Xlint:unchecked for details.
[INFO] 
[INFO] --- maven-surefire-plugin:2.22.2:test (default-test) @ versions-maven-plugin ---
[INFO] 
[INFO] -------------------------------------------------------
[INFO]  T E S T S
[INFO] -------------------------------------------------------
[INFO] Running org.codehaus.mojo.versions.AbstractVersionsUpdaterMojoTest
[INFO] Tests run: 1, Failures: 0, Errors: 0, Skipped: 0, Time elapsed: 9,859.61 s - in org.codehaus.mojo.versions.AbstractVersionsUpdaterMojoTest
[INFO] Running org.codehaus.mojo.versions.RequiredMavenVersionFinderTest
[INFO] Tests run: 41, Failures: 0, Errors: 0, Skipped: 0, Time elapsed: 141,822.52 s - in org.codehaus.mojo.versions.RequiredMavenVersionFinderTest
[INFO] Running org.codehaus.mojo.versions.SeparatePatternsForIncludesAnExcludesTest
[INFO] Tests run: 6, Failures: 0, Errors: 0, Skipped: 0, Time elapsed: 149.81 s - in org.codehaus.mojo.versions.SeparatePatternsForIncludesAnExcludesTest
[INFO] Running org.codehaus.mojo.versions.ordering.MercuryVersionComparatorTest
[INFO] Tests run: 2, Failures: 0, Errors: 0, Skipped: 0, Time elapsed: 33.72 s - in org.codehaus.mojo.versions.ordering.MercuryVersionComparatorTest
[INFO] Running org.codehaus.mojo.versions.ordering.VersionComparatorsTest
[INFO] Tests run: 3, Failures: 0, Errors: 0, Skipped: 0, Time elapsed: 42.88 s - in org.codehaus.mojo.versions.ordering.VersionComparatorsTest
[INFO] Running org.codehaus.mojo.versions.ordering.MajorMinorIncrementalFilterTest
[INFO] Tests run: 6, Failures: 0, Errors: 0, Skipped: 0, Time elapsed: 68.63 s - in org.codehaus.mojo.versions.ordering.MajorMinorIncrementalFilterTest
[INFO] Running org.codehaus.mojo.versions.ordering.NumericVersionComparatorTest
[INFO] Tests run: 6, Failures: 0, Errors: 0, Skipped: 0, Time elapsed: 133.53 s - in org.codehaus.mojo.versions.ordering.NumericVersionComparatorTest
[INFO] Running org.codehaus.mojo.versions.ordering.MavenVersionComparatorTest
[INFO] Tests run: 2, Failures: 0, Errors: 0, Skipped: 0, Time elapsed: 23.49 s - in org.codehaus.mojo.versions.ordering.MavenVersionComparatorTest
[INFO] Running org.codehaus.mojo.versions.RewriteWithStAXTest
[INFO] Tests run: 3, Failures: 0, Errors: 0, Skipped: 0, Time elapsed: 11,181.66 s - in org.codehaus.mojo.versions.RewriteWithStAXTest
[INFO] Running org.codehaus.mojo.versions.api.ArtifactVersionsTest
[INFO] Tests run: 2, Failures: 0, Errors: 0, Skipped: 0, Time elapsed: 26.15 s - in org.codehaus.mojo.versions.api.ArtifactVersionsTest
[INFO] Running org.codehaus.mojo.versions.api.PomHelperTest
[INFO] Tests run: 15, Failures: 0, Errors: 0, Skipped: 0, Time elapsed: 21.86 s - in org.codehaus.mojo.versions.api.PomHelperTest
[INFO] Running org.codehaus.mojo.versions.api.DefaultVersionsHelperTest
[INFO] 
[INFO] Results:
[INFO] 
[INFO] Tests run: 87, Failures: 0, Errors: 0, Skipped: 0
[INFO] 
[INFO] ------------------------------------------------------------------------
[INFO] BUILD FAILURE
[INFO] ------------------------------------------------------------------------
[INFO] Total time:  12 d 04:36 h
[INFO] Finished at: 2021-11-13T18:40:32Z
[INFO] ------------------------------------------------------------------------
[ERROR] Failed to execute goal org.apache.maven.plugins:maven-surefire-plugin:2.22.2:test (default-test) on project versions-maven-plugin: There are test failures.
[ERROR] 
[ERROR] Please refer to /home/target/target/surefire-reports for the individual test results.
[ERROR] Please refer to dump files (if any exist) [date].dump, [date]-jvmRun[N].dump and [date].dumpstream.
[ERROR] The forked VM terminated without properly saying goodbye. VM crash or System.exit called?
[ERROR] Command was /bin/sh -c cd /home/target && /opt/java/openjdk/jre/bin/java -jar /home/target/target/surefire/surefirebooter4979149856512682404.jar /home/target/target/surefire 2021-11-08T13-13-00_669-jvmRun1 surefire5529164481506998097tmp surefire_01903433760652960960tmp
[ERROR] Process Exit Code: 0
[ERROR] Crashed tests:
[ERROR] org.codehaus.mojo.versions.api.DefaultVersionsHelperTest
[ERROR] org.apache.maven.surefire.booter.SurefireBooterForkException: The forked VM terminated without properly saying goodbye. VM crash or System.exit called?
[ERROR] Command was /bin/sh -c cd /home/target && /opt/java/openjdk/jre/bin/java -jar /home/target/target/surefire/surefirebooter4979149856512682404.jar /home/target/target/surefire 2021-11-08T13-13-00_669-jvmRun1 surefire5529164481506998097tmp surefire_01903433760652960960tmp
[ERROR] Process Exit Code: 0
[ERROR] Crashed tests:
[ERROR] org.codehaus.mojo.versions.api.DefaultVersionsHelperTest
[ERROR] 	at org.apache.maven.plugin.surefire.booterclient.ForkStarter.fork(ForkStarter.java:669)
[ERROR] 	at org.apache.maven.plugin.surefire.booterclient.ForkStarter.run(ForkStarter.java:282)
[ERROR] 	at org.apache.maven.plugin.surefire.booterclient.ForkStarter.run(ForkStarter.java:245)
[ERROR] 	at org.apache.maven.plugin.surefire.AbstractSurefireMojo.executeProvider(AbstractSurefireMojo.java:1183)
[ERROR] 	at org.apache.maven.plugin.surefire.AbstractSurefireMojo.executeAfterPreconditionsChecked(AbstractSurefireMojo.java:1011)
[ERROR] 	at org.apache.maven.plugin.surefire.AbstractSurefireMojo.execute(AbstractSurefireMojo.java:857)
[ERROR] 	at org.apache.maven.plugin.DefaultBuildPluginManager.executeMojo(DefaultBuildPluginManager.java:137)
[ERROR] 	at org.apache.maven.lifecycle.internal.MojoExecutor.execute(MojoExecutor.java:210)
[ERROR] 	at org.apache.maven.lifecycle.internal.MojoExecutor.execute(MojoExecutor.java:156)
[ERROR] 	at org.apache.maven.lifecycle.internal.MojoExecutor.execute(MojoExecutor.java:148)
[ERROR] 	at org.apache.maven.lifecycle.internal.LifecycleModuleBuilder.buildProject(LifecycleModuleBuilder.java:117)
[ERROR] 	at org.apache.maven.lifecycle.internal.LifecycleModuleBuilder.buildProject(LifecycleModuleBuilder.java:81)
[ERROR] 	at org.apache.maven.lifecycle.internal.builder.singlethreaded.SingleThreadedBuilder.build(SingleThreadedBuilder.java:56)
[ERROR] 	at org.apache.maven.lifecycle.internal.LifecycleStarter.execute(LifecycleStarter.java:128)
[ERROR] 	at org.apache.maven.DefaultMaven.doExecute(DefaultMaven.java:305)
[ERROR] 	at org.apache.maven.DefaultMaven.doExecute(DefaultMaven.java:192)
[ERROR] 	at org.apache.maven.DefaultMaven.execute(DefaultMaven.java:105)
[ERROR] 	at org.apache.maven.cli.MavenCli.execute(MavenCli.java:972)
[ERROR] 	at org.apache.maven.cli.MavenCli.doMain(MavenCli.java:293)
[ERROR] 	at org.apache.maven.cli.MavenCli.main(MavenCli.java:196)
[ERROR] 	at sun.reflect.NativeMethodAccessorImpl.invoke0(Native Method)
[ERROR] 	at sun.reflect.NativeMethodAccessorImpl.invoke(NativeMethodAccessorImpl.java:62)
[ERROR] 	at sun.reflect.DelegatingMethodAccessorImpl.invoke(DelegatingMethodAccessorImpl.java:43)
[ERROR] 	at java.lang.reflect.Method.invoke(Method.java:498)
[ERROR] 	at org.codehaus.plexus.classworlds.launcher.Launcher.launchEnhanced(Launcher.java:282)
[ERROR] 	at org.codehaus.plexus.classworlds.launcher.Launcher.launch(Launcher.java:225)
[ERROR] 	at org.codehaus.plexus.classworlds.launcher.Launcher.mainWithExitCode(Launcher.java:406)
[ERROR] 	at org.codehaus.plexus.classworlds.launcher.Launcher.main(Launcher.java:347)
[ERROR] 
[ERROR] -> [Help 1]
[ERROR] 
[ERROR] To see the full stack trace of the errors, re-run Maven with the -e switch.
[ERROR] Re-run Maven using the -X switch to enable full debug logging.
[ERROR] 
[ERROR] For more information about the errors and possible solutions, please read the following articles:
[ERROR] [Help 1] http://cwiki.apache.org/confluence/display/MAVEN/MojoExecutionException
{'error': True, 'log_file': 'output-2021-11-01T02:54:37-7111.log', 'message': '', 'start_time': '2021-11-01T02:54:37', 'end_time': '2021-11-01T02:56:26', 'command': ['mvn', '-fae', 'test'], 'faketime_str': '+0 x10000.0', 'timezone': datetime.timezone(datetime.timedelta(0), 'UTC')}
