[INFO] Scanning for projects...
[INFO] 
[INFO] -------------------< nl.hsac:hsac-fitnesse-fixtures >-------------------
[INFO] Building HSAC's FitNesse Fixtures 4.30-SNAPSHOT
[INFO] --------------------------------[ jar ]---------------------------------
[INFO] 
[INFO] --- webdriverextensions-maven-plugin:3.1.2:install-drivers (default) @ hsac-fitnesse-fixtures ---
[INFO] Installation directory "/home/target/wiki/webdrivers"
[INFO] Installing drivers from configuration
[INFO] internetexplorerdriver-windows-32bit version 3.150.1
[INFO]   Already installed
[INFO] edgedriver-windows-64bit version 95.0.1020.30
[INFO]   Already installed
[INFO] chromedriver-windows-32bit version 95.0.4638.17
[INFO]   Already installed
[INFO] chromedriver-mac-64bit version 95.0.4638.17
[INFO]   Already installed
[INFO] chromedriver-linux-64bit version 95.0.4638.17
[INFO]   Already installed
[INFO] geckodriver-windows-64bit version 0.30.0
[INFO]   Already installed
[INFO] geckodriver-mac-64bit version 0.30.0
[INFO]   Already installed
[INFO] 
[INFO] --- maven-dependency-plugin:3.1.1:copy (copy-fitnesse-standalone) @ hsac-fitnesse-fixtures ---
[INFO] Configured Artifact: org.fitnesse:fitnesse:standalone:?:jar
[INFO] Copying fitnesse-20211006-standalone.jar to /home/target/wiki/fitnesse-standalone.jar
[INFO] 
[INFO] --- maven-dependency-plugin:3.1.1:copy (copy-plugins) @ hsac-fitnesse-fixtures ---
[INFO] Configured Artifact: nl.hsac:hsac-fitnesse-plugin:1.31.0:jar
[INFO] Configured Artifact: nl.praegus:toolchain-fitnesse-plugin:jar-with-dependencies:2.0.14:jar
[INFO] Copying hsac-fitnesse-plugin-1.31.0.jar to /home/target/wiki/plugins/hsac-fitnesse-plugin-1.31.0.jar
[INFO] Copying toolchain-fitnesse-plugin-2.0.14-jar-with-dependencies.jar to /home/target/wiki/plugins/toolchain-fitnesse-plugin-2.0.14-jar-with-dependencies.jar
[INFO] 
[INFO] >>> maven-javadoc-plugin:3.1.1:javadoc (default) > generate-sources @ hsac-fitnesse-fixtures >>>
[INFO] 
[INFO] --- webdriverextensions-maven-plugin:3.1.2:install-drivers (default) @ hsac-fitnesse-fixtures ---
[INFO] Installation directory "/home/target/wiki/webdrivers"
[INFO] Installing drivers from configuration
[INFO] internetexplorerdriver-windows-32bit version 3.150.1
[INFO]   Already installed
[INFO] edgedriver-windows-64bit version 95.0.1020.30
[INFO]   Already installed
[INFO] chromedriver-windows-32bit version 95.0.4638.17
[INFO]   Already installed
[INFO] chromedriver-mac-64bit version 95.0.4638.17
[INFO]   Already installed
[INFO] chromedriver-linux-64bit version 95.0.4638.17
[INFO]   Already installed
[INFO] geckodriver-windows-64bit version 0.30.0
[INFO]   Already installed
[INFO] geckodriver-mac-64bit version 0.30.0
[INFO]   Already installed
[INFO] 
[INFO] <<< maven-javadoc-plugin:3.1.1:javadoc (default) < generate-sources @ hsac-fitnesse-fixtures <<<
[INFO] 
[INFO] 
[INFO] --- maven-javadoc-plugin:3.1.1:javadoc (default) @ hsac-fitnesse-fixtures ---
[INFO] 
Loading source files for package nl.hsac.fitnesse.fixture.slim...
Loading source files for package nl.hsac.fitnesse.fixture.slim.web...
Loading source files for package nl.hsac.fitnesse.fixture.leanapps...
Loading source files for package nl.hsac.fitnesse.fixture.fit...
Constructing Javadoc information...
[INFO] 
[INFO] --- maven-resources-plugin:3.1.0:resources (default-resources) @ hsac-fitnesse-fixtures ---
[INFO] Using 'UTF-8' encoding to copy filtered resources.
[INFO] Copying 70 resources
[INFO] 
[INFO] --- maven-compiler-plugin:3.6.1:compile (default-compile) @ hsac-fitnesse-fixtures ---
[INFO] Nothing to compile - all classes are up to date
[INFO] 
[INFO] --- maven-resources-plugin:3.1.0:testResources (default-testResources) @ hsac-fitnesse-fixtures ---
[INFO] Using 'UTF-8' encoding to copy filtered resources.
[INFO] Copying 64 resources
[INFO] 
[INFO] --- maven-compiler-plugin:3.6.1:testCompile (default-testCompile) @ hsac-fitnesse-fixtures ---
[INFO] Nothing to compile - all classes are up to date
[INFO] 
[INFO] --- maven-surefire-plugin:2.22.1:test (default-test) @ hsac-fitnesse-fixtures ---
[INFO] 
[INFO] -------------------------------------------------------
[INFO]  T E S T S
[INFO] -------------------------------------------------------
[INFO] Running nl.hsac.fitnesse.slim.interaction.FixtureFactoryTest
[INFO] Tests run: 3, Failures: 0, Errors: 0, Skipped: 0, Time elapsed: 8,215.715 s - in nl.hsac.fitnesse.slim.interaction.FixtureFactoryTest
[INFO] Running nl.hsac.fitnesse.slim.converter.NumberedListConverterTest
[INFO] Tests run: 8, Failures: 0, Errors: 0, Skipped: 0, Time elapsed: 95.655 s - in nl.hsac.fitnesse.slim.converter.NumberedListConverterTest
[INFO] Running nl.hsac.fitnesse.junit.selenium.LocalSeleniumDriverFactoryFactoryTest
[INFO] Tests run: 4, Failures: 0, Errors: 0, Skipped: 0, Time elapsed: 9.289 s - in nl.hsac.fitnesse.junit.selenium.LocalSeleniumDriverFactoryFactoryTest
[INFO] Running nl.hsac.fitnesse.junit.selenium.SeleniumGridDriverFactoryFactoryTest
[INFO] Tests run: 3, Failures: 0, Errors: 0, Skipped: 0, Time elapsed: 41.75 s - in nl.hsac.fitnesse.junit.selenium.SeleniumGridDriverFactoryFactoryTest
[INFO] Running nl.hsac.fitnesse.junit.reportmerge.TestReportHtmlTest
[INFO] Tests run: 3, Failures: 0, Errors: 0, Skipped: 0, Time elapsed: 9.007 s - in nl.hsac.fitnesse.junit.reportmerge.TestReportHtmlTest
[INFO] Running nl.hsac.fitnesse.junit.reportmerge.ReportFinderTest
[INFO] Tests run: 1, Failures: 0, Errors: 0, Skipped: 0, Time elapsed: 1,369.989 s - in nl.hsac.fitnesse.junit.reportmerge.ReportFinderTest
[INFO] Running nl.hsac.fitnesse.junit.reportmerge.HtmlReportIndexGeneratorTest
[INFO] Tests run: 3, Failures: 0, Errors: 0, Skipped: 0, Time elapsed: 3,942.756 s - in nl.hsac.fitnesse.junit.reportmerge.HtmlReportIndexGeneratorTest
[INFO] Running nl.hsac.fitnesse.reportgen.GenerateFitSampleReportTest
[WARNING] Tests run: 1, Failures: 0, Errors: 0, Skipped: 1, Time elapsed: 2.651 s - in nl.hsac.fitnesse.reportgen.GenerateFitSampleReportTest
[INFO] Running nl.hsac.fitnesse.reportgen.GenerateHttpSampleReportTest
[WARNING] Tests run: 1, Failures: 0, Errors: 0, Skipped: 1, Time elapsed: 3.172 s - in nl.hsac.fitnesse.reportgen.GenerateHttpSampleReportTest
[INFO] Running nl.hsac.fitnesse.reportgen.GenerateMockXmlServerSampleReportTest
[WARNING] Tests run: 1, Failures: 0, Errors: 0, Skipped: 1, Time elapsed: 5.413 s - in nl.hsac.fitnesse.reportgen.GenerateMockXmlServerSampleReportTest
[INFO] Running nl.hsac.fitnesse.reportgen.GenerateUtilSampleReportTest
[WARNING] Tests run: 1, Failures: 0, Errors: 0, Skipped: 1, Time elapsed: 3.083 s - in nl.hsac.fitnesse.reportgen.GenerateUtilSampleReportTest
[INFO] Running nl.hsac.fitnesse.fixture.slim.HttpTestTest
Nov 01, 2021 4:58:58 PM sun.net.httpserver.ExchangeImpl sendResponseHeaders
WARNING: sendResponseHeaders: being invoked with a content length for a HEAD request
Nov 01, 2021 5:07:11 PM sun.net.httpserver.ExchangeImpl sendResponseHeaders
WARNING: sendResponseHeaders: being invoked with a content length for a HEAD request
Nov 01, 2021 5:07:29 PM sun.net.httpserver.ExchangeImpl sendResponseHeaders
WARNING: sendResponseHeaders: being invoked with a content length for a HEAD request
Nov 01, 2021 5:07:45 PM sun.net.httpserver.ExchangeImpl sendResponseHeaders
WARNING: sendResponseHeaders: being invoked with a content length for a HEAD request
[INFO] Tests run: 29, Failures: 0, Errors: 0, Skipped: 0, Time elapsed: 1,579.812 s - in nl.hsac.fitnesse.fixture.slim.HttpTestTest
[INFO] Running nl.hsac.fitnesse.fixture.slim.SlimFixtureTest
[INFO] Tests run: 1, Failures: 0, Errors: 0, Skipped: 0, Time elapsed: 5.244 s - in nl.hsac.fitnesse.fixture.slim.SlimFixtureTest
[INFO] Running nl.hsac.fitnesse.fixture.slim.SlimFixtureExceptionTest
[INFO] Tests run: 2, Failures: 0, Errors: 0, Skipped: 0, Time elapsed: 5.944 s - in nl.hsac.fitnesse.fixture.slim.SlimFixtureExceptionTest
[INFO] Running nl.hsac.fitnesse.fixture.slim.JsonFixtureTest
[INFO] Tests run: 2, Failures: 0, Errors: 0, Skipped: 0, Time elapsed: 3.698 s - in nl.hsac.fitnesse.fixture.slim.JsonFixtureTest
[INFO] Running nl.hsac.fitnesse.fixture.slim.JsonHttpTestTest
[INFO] Tests run: 10, Failures: 0, Errors: 0, Skipped: 0, Time elapsed: 11.9 s - in nl.hsac.fitnesse.fixture.slim.JsonHttpTestTest
[INFO] Running nl.hsac.fitnesse.fixture.slim.XmlHttpTestTest
[INFO] Tests run: 2, Failures: 0, Errors: 0, Skipped: 0, Time elapsed: 8.085 s - in nl.hsac.fitnesse.fixture.slim.XmlHttpTestTest
[INFO] Running nl.hsac.fitnesse.fixture.slim.MapFixtureTest
[INFO] Tests run: 2, Failures: 0, Errors: 0, Skipped: 0, Time elapsed: 6.887 s - in nl.hsac.fitnesse.fixture.slim.MapFixtureTest
[INFO] Running nl.hsac.fitnesse.fixture.slim.StringFixtureTest
[INFO] Tests run: 12, Failures: 0, Errors: 0, Skipped: 0, Time elapsed: 17.995 s - in nl.hsac.fitnesse.fixture.slim.StringFixtureTest
[INFO] Running nl.hsac.fitnesse.fixture.slim.DateTimeCalculatorFixtureTest
[INFO] Tests run: 2, Failures: 0, Errors: 0, Skipped: 0, Time elapsed: 3.284 s - in nl.hsac.fitnesse.fixture.slim.DateTimeCalculatorFixtureTest
[INFO] Running nl.hsac.fitnesse.fixture.slim.ScriptLanguageFixtureTest
[INFO] Tests run: 19, Failures: 0, Errors: 0, Skipped: 0, Time elapsed: 8,337.142 s - in nl.hsac.fitnesse.fixture.slim.ScriptLanguageFixtureTest
[INFO] Running nl.hsac.fitnesse.fixture.slim.FileFixtureTest
[INFO] Tests run: 10, Failures: 0, Errors: 0, Skipped: 0, Time elapsed: 244.05 s - in nl.hsac.fitnesse.fixture.slim.FileFixtureTest
[INFO] Running nl.hsac.fitnesse.fixture.slim.StopTestFixtureTest
[INFO] Tests run: 4, Failures: 0, Errors: 0, Skipped: 0, Time elapsed: 21.086 s - in nl.hsac.fitnesse.fixture.slim.StopTestFixtureTest
[INFO] Running nl.hsac.fitnesse.fixture.slim.CompareFixtureTest
[INFO] Tests run: 7, Failures: 0, Errors: 0, Skipped: 0, Time elapsed: 130.551 s - in nl.hsac.fitnesse.fixture.slim.CompareFixtureTest
[INFO] Running nl.hsac.fitnesse.fixture.leanapps.ReportXmlFixtureTest
[INFO] Tests run: 2, Failures: 0, Errors: 0, Skipped: 0, Time elapsed: 1,250.371 s - in nl.hsac.fitnesse.fixture.leanapps.ReportXmlFixtureTest
[INFO] Running nl.hsac.fitnesse.fixture.util.ContentTypeTests
[INFO] Tests run: 2, Failures: 0, Errors: 0, Skipped: 0, Time elapsed: 13.56 s - in nl.hsac.fitnesse.fixture.util.ContentTypeTests
[INFO] Running nl.hsac.fitnesse.fixture.util.DatesHelperTest
[INFO] Tests run: 4, Failures: 0, Errors: 0, Skipped: 0, Time elapsed: 29.294 s - in nl.hsac.fitnesse.fixture.util.DatesHelperTest
[INFO] Running nl.hsac.fitnesse.fixture.util.CalendarUtilFailTest
[INFO] Tests run: 4, Failures: 0, Errors: 0, Skipped: 0, Time elapsed: 70.492 s - in nl.hsac.fitnesse.fixture.util.CalendarUtilFailTest
[INFO] Running nl.hsac.fitnesse.fixture.util.HttpResponseTest
[INFO] Tests run: 9, Failures: 0, Errors: 0, Skipped: 0, Time elapsed: 85.462 s - in nl.hsac.fitnesse.fixture.util.HttpResponseTest
[INFO] Running nl.hsac.fitnesse.fixture.util.CalendarUtilTest
[INFO] Tests run: 10, Failures: 0, Errors: 0, Skipped: 0, Time elapsed: 241.085 s - in nl.hsac.fitnesse.fixture.util.CalendarUtilTest
[INFO] Running nl.hsac.fitnesse.fixture.util.JsonPathHelperTest
[INFO] Tests run: 7, Failures: 0, Errors: 0, Skipped: 0, Time elapsed: 190.464 s - in nl.hsac.fitnesse.fixture.util.JsonPathHelperTest
[INFO] Running nl.hsac.fitnesse.fixture.util.JsonHelperTest
[INFO] Tests run: 6, Failures: 0, Errors: 0, Skipped: 0, Time elapsed: 186.833 s - in nl.hsac.fitnesse.fixture.util.JsonHelperTest
[INFO] Running nl.hsac.fitnesse.fixture.util.NamespaceContextImplTest
[INFO] Tests run: 6, Failures: 0, Errors: 0, Skipped: 0, Time elapsed: 78.108 s - in nl.hsac.fitnesse.fixture.util.NamespaceContextImplTest
[INFO] Running nl.hsac.fitnesse.fixture.util.XPathHelperTest
[Fatal Error] :1:5: XML document structures must start and end within the same entity.
[INFO] Tests run: 6, Failures: 0, Errors: 0, Skipped: 0, Time elapsed: 1,256.255 s - in nl.hsac.fitnesse.fixture.util.XPathHelperTest
[INFO] Running nl.hsac.fitnesse.fixture.util.ThrowingFunctionTest
[INFO] Tests run: 3, Failures: 0, Errors: 0, Skipped: 0, Time elapsed: 2.751 s - in nl.hsac.fitnesse.fixture.util.ThrowingFunctionTest
[INFO] Running nl.hsac.fitnesse.fixture.util.HttpClientFactoryTest
[INFO] Tests run: 2, Failures: 0, Errors: 0, Skipped: 0, Time elapsed: 4.06 s - in nl.hsac.fitnesse.fixture.util.HttpClientFactoryTest
[INFO] Running nl.hsac.fitnesse.fixture.util.BsnUtilTest
[INFO] Tests run: 2, Failures: 0, Errors: 0, Skipped: 0, Time elapsed: 6.143 s - in nl.hsac.fitnesse.fixture.util.BsnUtilTest
[INFO] Running nl.hsac.fitnesse.fixture.util.selenium.PageSourceSaverTest
[INFO] Tests run: 1, Failures: 0, Errors: 0, Skipped: 0, Time elapsed: 11.427 s - in nl.hsac.fitnesse.fixture.util.selenium.PageSourceSaverTest
[INFO] Running nl.hsac.fitnesse.fixture.util.selenium.driverfactory.DriverManagerTest
[INFO] Tests run: 2, Failures: 0, Errors: 0, Skipped: 0, Time elapsed: 6,799.861 s - in nl.hsac.fitnesse.fixture.util.selenium.driverfactory.DriverManagerTest
[INFO] Running nl.hsac.fitnesse.fixture.util.selenium.driverfactory.ProjectDriverFactoryFactoryTest
[INFO] Tests run: 1, Failures: 0, Errors: 0, Skipped: 0, Time elapsed: 12.062 s - in nl.hsac.fitnesse.fixture.util.selenium.driverfactory.ProjectDriverFactoryFactoryTest
[INFO] Running nl.hsac.fitnesse.fixture.util.selenium.by.XPathByTest
[INFO] Tests run: 1, Failures: 0, Errors: 0, Skipped: 0, Time elapsed: 5.103 s - in nl.hsac.fitnesse.fixture.util.selenium.by.XPathByTest
[INFO] Running nl.hsac.fitnesse.fixture.util.selenium.SeleniumHelperTest
[INFO] Tests run: 4, Failures: 0, Errors: 0, Skipped: 0, Time elapsed: 14.791 s - in nl.hsac.fitnesse.fixture.util.selenium.SeleniumHelperTest
[INFO] Running nl.hsac.fitnesse.fixture.util.ReflectionHelperTest
[INFO] Tests run: 6, Failures: 0, Errors: 0, Skipped: 0, Time elapsed: 34.312 s - in nl.hsac.fitnesse.fixture.util.ReflectionHelperTest
[INFO] Running nl.hsac.fitnesse.fixture.util.ZipHelperTest
[INFO] Tests run: 3, Failures: 0, Errors: 0, Skipped: 0, Time elapsed: 182.53 s - in nl.hsac.fitnesse.fixture.util.ZipHelperTest
[INFO] Running nl.hsac.fitnesse.fixture.util.StreamUtilTest
[INFO] Tests run: 3, Failures: 0, Errors: 0, Skipped: 0, Time elapsed: 201.285 s - in nl.hsac.fitnesse.fixture.util.StreamUtilTest
[INFO] Running nl.hsac.fitnesse.fixture.util.RandomUtilTest
[INFO] Tests run: 3, Failures: 0, Errors: 0, Skipped: 0, Time elapsed: 86.798 s - in nl.hsac.fitnesse.fixture.util.RandomUtilTest
[INFO] Running nl.hsac.fitnesse.fixture.util.LambdaMetaHelperTest
[INFO] Tests run: 3, Failures: 0, Errors: 0, Skipped: 0, Time elapsed: 31.335 s - in nl.hsac.fitnesse.fixture.util.LambdaMetaHelperTest
[INFO] Running nl.hsac.fitnesse.fixture.util.SecretMaskerTest
[INFO] Tests run: 6, Failures: 0, Errors: 0, Skipped: 0, Time elapsed: 26.794 s - in nl.hsac.fitnesse.fixture.util.SecretMaskerTest
[INFO] Running nl.hsac.fitnesse.fixture.util.XMLFormatterTest
[INFO] Tests run: 3, Failures: 0, Errors: 0, Skipped: 0, Time elapsed: 73.467 s - in nl.hsac.fitnesse.fixture.util.XMLFormatterTest
[INFO] Running nl.hsac.fitnesse.fixture.util.BinaryHttpResponseTest
[INFO] Tests run: 3, Failures: 0, Errors: 0, Skipped: 0, Time elapsed: 14.948 s - in nl.hsac.fitnesse.fixture.util.BinaryHttpResponseTest
[INFO] Running nl.hsac.fitnesse.fixture.util.XPathCheckResultTest
[INFO] Tests run: 2, Failures: 0, Errors: 0, Skipped: 0, Time elapsed: 10.868 s - in nl.hsac.fitnesse.fixture.util.XPathCheckResultTest
[INFO] Running nl.hsac.fitnesse.fixture.util.HtmlCleanerTest
[INFO] Tests run: 4, Failures: 0, Errors: 0, Skipped: 0, Time elapsed: 14.434 s - in nl.hsac.fitnesse.fixture.util.HtmlCleanerTest
[INFO] Running nl.hsac.fitnesse.fixture.util.JsonFormatterTest
[INFO] Tests run: 3, Failures: 0, Errors: 0, Skipped: 0, Time elapsed: 5.796 s - in nl.hsac.fitnesse.fixture.util.JsonFormatterTest
[INFO] Running nl.hsac.fitnesse.fixture.util.HttpServerTest
[INFO] Tests run: 7, Failures: 0, Errors: 0, Skipped: 0, Time elapsed: 311.071 s - in nl.hsac.fitnesse.fixture.util.HttpServerTest
[INFO] Running nl.hsac.fitnesse.fixture.util.MapHelperTest
[INFO] Tests run: 4, Failures: 0, Errors: 0, Skipped: 0, Time elapsed: 25.087 s - in nl.hsac.fitnesse.fixture.util.MapHelperTest
[INFO] Running nl.hsac.fitnesse.fixture.util.DataUrlHelperTest
[INFO] Tests run: 2, Failures: 0, Errors: 0, Skipped: 0, Time elapsed: 16.678 s - in nl.hsac.fitnesse.fixture.util.DataUrlHelperTest
[INFO] Running nl.hsac.fitnesse.fixture.util.XMLValidatorTest
[INFO] Tests run: 5, Failures: 0, Errors: 0, Skipped: 0, Time elapsed: 1,049.26 s - in nl.hsac.fitnesse.fixture.util.XMLValidatorTest
[INFO] Running nl.hsac.fitnesse.fixture.util.LineEndingHelperTest
[INFO] Tests run: 5, Failures: 0, Errors: 0, Skipped: 0, Time elapsed: 10.526 s - in nl.hsac.fitnesse.fixture.util.LineEndingHelperTest
[INFO] Running nl.hsac.fitnesse.fixture.util.FirstNonNullHelperTest
[INFO] Tests run: 6, Failures: 0, Errors: 0, Skipped: 0, Time elapsed: 15.287 s - in nl.hsac.fitnesse.fixture.util.FirstNonNullHelperTest
[INFO] Running nl.hsac.fitnesse.fixture.util.XmlHttpResponseTest
[INFO] Tests run: 10, Failures: 0, Errors: 0, Skipped: 0, Time elapsed: 277.964 s - in nl.hsac.fitnesse.fixture.util.XmlHttpResponseTest
[INFO] 
[INFO] Results:
[INFO] 
[WARNING] Tests run: 281, Failures: 0, Errors: 0, Skipped: 4
[INFO] 
[INFO] ------------------------------------------------------------------------
[INFO] BUILD SUCCESS
[INFO] ------------------------------------------------------------------------
[INFO] Total time:  20:26 h
[INFO] Finished at: 2021-11-01T23:54:43Z
[INFO] ------------------------------------------------------------------------
{'error': False, 'log_file': 'output-2021-11-01T02:20:21-7464.log', 'message': '', 'start_time': '2021-11-01T02:20:21', 'end_time': '2021-11-01T02:21:39', 'command': ['mvn', '-fae', 'test'], 'faketime_str': '+0 x1000.0', 'timezone': datetime.timezone(datetime.timedelta(0), 'UTC')}
